#
# A fatal error has been detected by the Java Runtime Environment:
#
#  SIGSEGV (0xb) at pc=0x00007fff202d381d, pid=65306, tid=0x0000000000000103
#
# JRE version: Java(TM) SE Runtime Environment (8.0_202-b08) (build 1.8.0_202-b08)
# Java VM: Java HotSpot(TM) 64-Bit Server VM (25.202-b08 mixed mode bsd-amd64 compressed oops)
# Problematic frame:
# C  [libobjc.A.dylib+0x681d]  objc_msgSend+0x1d
#
# Failed to write core dump. Core dumps have been disabled. To enable core dumping, try "ulimit -c unlimited" before starting Java again
#
# If you would like to submit a bug report, please visit:
#   http://bugreport.java.com/bugreport/crash.jsp
# The crash happened outside the Java Virtual Machine in native code.
# See problematic frame for where to report the bug.
#

---------------  T H R E A D  ---------------

Current thread (0x00007fe0aa0e4000):  JavaThread "AWT-AppKit" daemon [_thread_in_native, id=259, stack(0x00007ffee63f0000,0x00007ffee6bf0000)]

siginfo: si_signo: 11 (SIGSEGV), si_code: 1 (SEGV_MAPERR), si_addr: 0x000007fe0adf99c0

Registers:
RAX=0x00007fe0a8d81d90, RBX=0x000000015a72f450, RCX=0x0000000000000000, RDX=0x0000000000000001
RSP=0x00007ffee6beb258, RBP=0x00007ffee6beb310, RSI=0x00007fff7ba6815c, RDI=0x00007fe0adf55990
R8 =0x0000000000000000, R9 =0x0000000000000000, R10=0x000007fe0adf99a8, R11=0x00007fff7ba6815c
R12=0x0000000000000000, R13=0x000000015dad2a68, R14=0x000000015a72f440, R15=0x00007fe0aa0e4000
RIP=0x00007fff202d381d, EFLAGS=0x0000000000010202, ERR=0x0000000000000004
  TRAPNO=0x000000000000000e

Top of Stack: (sp=0x00007ffee6beb258)
0x00007ffee6beb258:   000000015a72d157 00007ffee6beb2b0
0x00007ffee6beb268:   0000000000000003 00007ffee6beb290
0x00007ffee6beb278:   000000010b943952 000000015dad2a68
0x00007ffee6beb288:   000000015dad2a68 00007fe0a8d81d90
0x00007ffee6beb298:   000000015a72f6a0 000000015a72f710
0x00007ffee6beb2a8:   00007fff808e06c8 00007fff80d5a530
0x00007ffee6beb2b8:   000000015a72f450 000000015a72f690
0x00007ffee6beb2c8:   00007fe0a8d81d90 00007fe0adf55990
0x00007ffee6beb2d8:   00007fe0a8d4deb0 00007fe0a8d81d90
0x00007ffee6beb2e8:   00007fe0adf55990 00007ffee6beb390
0x00007ffee6beb2f8:   00007fe0aa0e41f8 000000015dad2a68
0x00007ffee6beb308:   00007ffee6beb3b8 00007ffee6beb380
0x00007ffee6beb318:   00000001129dd667 00007ffee6beb380
0x00007ffee6beb328:   00000001129dd3b9 00007ffee6beb370
0x00007ffee6beb338:   00000001129dd382 00007ffee6beb340
0x00007ffee6beb348:   000000015dad2a68 00007ffee6beb3b8
0x00007ffee6beb358:   000000015daf6028 0000000000000000
0x00007ffee6beb368:   000000015dad2a68 0000000000000000
0x00007ffee6beb378:   00007ffee6beb3a0 00007ffee6beb400
0x00007ffee6beb388:   00000001129cd2bd 0000000740440060
0x00007ffee6beb398:   00000001129d6d18 00007fe0a8d81d90
0x00007ffee6beb3a8:   00000001129d87b9 00007fe0adf55990
0x00007ffee6beb3b8:   00000001129d8782 00007ffee6beb3c0
0x00007ffee6beb3c8:   000000015dad2c32 00007ffee6beb428
0x00007ffee6beb3d8:   000000015daf6028 0000000000000000
0x00007ffee6beb3e8:   000000015dad2c40 00007ffee6beb3a0
0x00007ffee6beb3f8:   00007ffee6beb410 00007ffee6beb470
0x00007ffee6beb408:   00000001129cd2bd 00007fe0a8d81d90
0x00007ffee6beb418:   0000000740266be0 00007fe0adf55990
0x00007ffee6beb428:   0000000740266be0 00007ffee6beb430
0x00007ffee6beb438:   000000015f42d3c6 00007ffee6beb480
0x00007ffee6beb448:   000000015f42d480 0000000000000000 

Instructions: (pc=0x00007fff202d381d)
0x00007fff202d37fd:   44 00 00 48 85 ff 2e 74 72 40 f6 c7 01 2e 75 76
0x00007fff202d380d:   49 ba f8 ff ff ff ff 7f 00 00 4c 23 17 49 89 f3
0x00007fff202d381d:   45 23 5a 18 49 c1 e3 04 4d 03 5a 10 49 3b 33 75
0x00007fff202d382d:   0a 4d 8b 5b 08 4d 31 d3 41 ff e3 49 83 3b 01 76 

Register to memory mapping:

RAX=0x00007fe0a8d81d90 is an unknown value
RBX=0x000000015a72f450: Java_jogamp_nativewindow_macosx_OSXUtil_GetScreenRefreshRate0+0x1cf0 in /private/var/folders/s9/gtwg4bys29s9rs2yjjztg6cw0000gn/T/jogamp_0000/file_cache/jln1157512060820470897/jln3199027086839990059/libnativewindow_macosx.jnilib at 0x000000015a728000
RCX=0x0000000000000000 is an unknown value
RDX=0x0000000000000001 is an unknown value
RSP=0x00007ffee6beb258 is pointing into the stack for thread: 0x00007fe0aa0e4000
RBP=0x00007ffee6beb310 is pointing into the stack for thread: 0x00007fe0aa0e4000
RSI=0x00007fff7ba6815c: GCC_except_table772+0x5b76584c in /usr/lib/libobjc.A.dylib at 0x00007fff202cd000
RDI=0x00007fe0adf55990 is an unknown value
R8 =0x0000000000000000 is an unknown value
R9 =0x0000000000000000 is an unknown value
R10=0x000007fe0adf99a8 is an unknown value
R11=0x00007fff7ba6815c: GCC_except_table772+0x5b76584c in /usr/lib/libobjc.A.dylib at 0x00007fff202cd000
R12=0x0000000000000000 is an unknown value
R13={method} {0x000000015dad2a68} 'UnsetJAWTRootSurfaceLayer0' '(JJ)V' in 'jogamp/nativewindow/jawt/macosx/MacOSXJAWTWindow'
R14=0x000000015a72f440: Java_jogamp_nativewindow_macosx_OSXUtil_GetScreenRefreshRate0+0x1ce0 in /private/var/folders/s9/gtwg4bys29s9rs2yjjztg6cw0000gn/T/jogamp_0000/file_cache/jln1157512060820470897/jln3199027086839990059/libnativewindow_macosx.jnilib at 0x000000015a728000
R15=0x00007fe0aa0e4000 is a thread


Stack: [0x00007ffee63f0000,0x00007ffee6bf0000],  sp=0x00007ffee6beb258,  free space=8172k
Native frames: (J=compiled Java code, j=interpreted, Vv=VM code, C=native code)
C  [libobjc.A.dylib+0x681d]  objc_msgSend+0x1d
j  jogamp.nativewindow.jawt.macosx.MacOSXJAWTWindow.UnsetJAWTRootSurfaceLayer0(JJ)V+0
j  jogamp.nativewindow.jawt.macosx.MacOSXJAWTWindow.access$200(JJ)V+2
j  jogamp.nativewindow.jawt.macosx.MacOSXJAWTWindow$1.run()V+38
j  com.jogamp.common.util.RunnableTask.run()V+24
v  ~StubRoutines::call_stub
V  [libjvm.dylib+0x2f0d1e]
V  [libjvm.dylib+0x32805c]
V  [libjvm.dylib+0x31a83f]
C  [libnativewindow_macosx.jnilib+0x5326]  Java_jogamp_nativewindow_jawt_macosx_MacOSXJAWTWindow_UnsetJAWTRootSurfaceLayer0+0x2b6
C  [Foundation+0x80bc1]  __NSThreadPerformPerform+0xcc
C  [CoreFoundation+0x8197c]  __CFRUNLOOP_IS_CALLING_OUT_TO_A_SOURCE0_PERFORM_FUNCTION__+0x11
C  [CoreFoundation+0x818e4]  __CFRunLoopDoSource0+0xb4
C  [CoreFoundation+0x816c6]  __CFRunLoopDoSources0+0x154
C  [CoreFoundation+0x8008c]  __CFRunLoopRun+0x37d
C  [CoreFoundation+0x7f64c]  CFRunLoopRunSpecific+0x233
C  [HIToolbox+0x31223]  RunCurrentEventLoopInMode+0x124
C  [HIToolbox+0x30e56]  ReceiveNextEventCommon+0x11c
C  [HIToolbox+0x30d23]  _BlockUntilNextEventMatchingListInModeWithFilter+0x46
C  [AppKit+0x3e6f2]  _DPSNextEvent+0x360
C  [AppKit+0x3cec5]  -[NSApplication(NSEvent) _nextEventMatchingEventMask:untilDate:inMode:dequeue:]+0x554
C  [libosxapp.dylib+0x2328]  -[NSApplicationAWT nextEventMatchingMask:untilDate:inMode:dequeue:]+0x7c
C  [AppKit+0x2f239]  -[NSApplication run]+0x24a
C  [libosxapp.dylib+0x1f72]  +[NSApplicationAWT runAWTLoopWithApp:]+0x9c
C  [libawt_lwawt.dylib+0x480bf]  -[AWTStarter starter:]+0x389
C  [Foundation+0x80bc1]  __NSThreadPerformPerform+0xcc
C  [CoreFoundation+0x8197c]  __CFRUNLOOP_IS_CALLING_OUT_TO_A_SOURCE0_PERFORM_FUNCTION__+0x11
C  [CoreFoundation+0x818e4]  __CFRunLoopDoSource0+0xb4
C  [CoreFoundation+0x81664]  __CFRunLoopDoSources0+0xf2
C  [CoreFoundation+0x8008c]  __CFRunLoopRun+0x37d
C  [CoreFoundation+0x7f64c]  CFRunLoopRunSpecific+0x233
C  [java+0x646e]  CreateExecutionEnvironment+0x367
C  [java+0x203c]  JLI_Launch+0x7a0
C  [java+0x84cb]  main+0x65
C  [java+0x1894]  start+0x34
C  0x0000000000000007

Java frames: (J=compiled Java code, j=interpreted, Vv=VM code)
j  jogamp.nativewindow.jawt.macosx.MacOSXJAWTWindow.UnsetJAWTRootSurfaceLayer0(JJ)V+0
j  jogamp.nativewindow.jawt.macosx.MacOSXJAWTWindow.access$200(JJ)V+2
j  jogamp.nativewindow.jawt.macosx.MacOSXJAWTWindow$1.run()V+38
j  com.jogamp.common.util.RunnableTask.run()V+24
v  ~StubRoutines::call_stub

---------------  P R O C E S S  ---------------

Java Threads: ( => current thread )
  0x00007fe0aad1e000 JavaThread "Thread-18" [_thread_blocked, id=31235, stack(0x0000700003910000,0x0000700003a10000)]
  0x00007fe0aa008800 JavaThread "AWT-EventQueue-1" [_thread_blocked, id=54051, stack(0x0000700003a13000,0x0000700003b13000)]
  0x00007fe0a9192800 JavaThread "DestroyJavaVM" [_thread_blocked, id=4099, stack(0x00007000022c5000,0x00007000023c5000)]
  0x00007fe0aa187000 JavaThread "AWT-EventQueue-0" [_thread_blocked, id=50179, stack(0x000070000380d000,0x000070000390d000)]
  0x00007fe0a98fc000 JavaThread "Java2D Disposer" daemon [_thread_blocked, id=80131, stack(0x0000700003607000,0x0000700003707000)]
  0x00007fe0a98b1800 JavaThread "Java2D Queue Flusher" daemon [_thread_blocked, id=85003, stack(0x0000700003504000,0x0000700003604000)]
  0x00007fe0aa973800 JavaThread "AWT-Shutdown" [_thread_blocked, id=26651, stack(0x00007000032fb000,0x00007000033fb000)]
=>0x00007fe0aa0e4000 JavaThread "AWT-AppKit" daemon [_thread_in_native, id=259, stack(0x00007ffee63f0000,0x00007ffee6bf0000)]
  0x00007fe0aa06a800 JavaThread "Service Thread" daemon [_thread_blocked, id=17155, stack(0x0000700002fef000,0x00007000030ef000)]
  0x00007fe0a980c000 JavaThread "C1 CompilerThread2" daemon [_thread_blocked, id=13315, stack(0x0000700002eec000,0x0000700002fec000)]
  0x00007fe0aa820800 JavaThread "C2 CompilerThread1" daemon [_thread_blocked, id=17667, stack(0x0000700002de9000,0x0000700002ee9000)]
  0x00007fe0aa81d000 JavaThread "C2 CompilerThread0" daemon [_thread_blocked, id=18179, stack(0x0000700002ce6000,0x0000700002de6000)]
  0x00007fe0aa069800 JavaThread "Signal Dispatcher" daemon [_thread_blocked, id=13059, stack(0x0000700002be3000,0x0000700002ce3000)]
  0x00007fe0aa819000 JavaThread "Finalizer" daemon [_thread_blocked, id=20995, stack(0x00007000029da000,0x0000700002ada000)]
  0x00007fe0aa818000 JavaThread "Reference Handler" daemon [_thread_blocked, id=21251, stack(0x00007000028d7000,0x00007000029d7000)]

Other Threads:
  0x00007fe0aa03b000 VMThread [stack: 0x00007000027d4000,0x00007000028d4000] [id=11011]
  0x00007fe0aa05b000 WatcherThread [stack: 0x00007000030f2000,0x00007000031f2000] [id=16643]

VM state:not at safepoint (normal execution)

VM Mutex/Monitor currently owned by a thread: None

heap address: 0x0000000740000000, size: 2048 MB, Compressed Oops mode: Zero based, Oop shift amount: 3
Narrow klass base: 0x0000000000000000, Narrow klass shift: 3
Compressed class space size: 1073741824 Address: 0x00000007c0000000

Heap:
 PSYoungGen      total 38400K, used 12169K [0x0000000795580000, 0x0000000798d80000, 0x00000007c0000000)
  eden space 33280K, 21% used [0x0000000795580000,0x0000000795c673e0,0x0000000797600000)
  from space 5120K, 99% used [0x0000000797600000,0x0000000797afb128,0x0000000797b00000)
  to   space 5120K, 0% used [0x0000000798880000,0x0000000798880000,0x0000000798d80000)
 ParOldGen       total 63488K, used 15761K [0x0000000740000000, 0x0000000743e00000, 0x0000000795580000)
  object space 63488K, 24% used [0x0000000740000000,0x0000000740f646d8,0x0000000743e00000)
 Metaspace       used 24252K, capacity 24647K, committed 25008K, reserved 1071104K
  class space    used 2493K, capacity 2622K, committed 2736K, reserved 1048576K

Card table byte_map: [0x000000010c7b9000,0x000000010cbba000] byte_map_base: 0x0000000108db9000

Marking Bits: (ParMarkBitMap*) 0x000000010c0fbe40
 Begin Bits: [0x000000010cbba000, 0x000000010ebba000)
 End Bits:   [0x000000010ebba000, 0x0000000110bba000)

Polling page: 0x0000000109087000

CodeCache: size=245760Kb used=7454Kb max_used=7463Kb free=238305Kb
 bounds [0x00000001129c5000, 0x0000000113145000, 0x00000001219c5000]
 total_blobs=2983 nmethods=2035 adapters=861
 compilation: enabled

Compilation events (10 events):
Event: 36.894 Thread 0x00007fe0aa81d000 2275       4       java.util.HashMap::resize (359 bytes)
Event: 36.906 Thread 0x00007fe0aa81d000 nmethod 2275 0x0000000113076310 code [0x00000001130764a0, 0x0000000113076a58]
Event: 36.912 Thread 0x00007fe0a980c000 2276       3       sun.misc.URLClassPath$JarLoader$2::getContentLength (9 bytes)
Event: 36.912 Thread 0x00007fe0a980c000 nmethod 2276 0x0000000112f5ad50 code [0x0000000112f5aec0, 0x0000000112f5b110]
Event: 36.912 Thread 0x00007fe0a980c000 2277       3       sun.misc.URLClassPath$JarLoader$2::getCodeSigners (8 bytes)
Event: 36.912 Thread 0x00007fe0a980c000 nmethod 2277 0x0000000113075ed0 code [0x0000000113076040, 0x0000000113076268]
Event: 36.912 Thread 0x00007fe0a980c000 2278   !   3       java.util.jar.JarFile$JarFileEntry::getCodeSigners (78 bytes)
Event: 36.913 Thread 0x00007fe0a980c000 nmethod 2278 0x0000000113077050 code [0x0000000113077220, 0x0000000113077838]
Event: 36.917 Thread 0x00007fe0a980c000 2279       3       java.lang.invoke.LambdaForm::uncustomize (58 bytes)
Event: 36.918 Thread 0x00007fe0a980c000 nmethod 2279 0x0000000112da11d0 code [0x0000000112da1340, 0x0000000112da15f0]

GC Heap History (8 events):
Event: 3.615 GC heap before
{Heap before GC invocations=1 (full 0):
 PSYoungGen      total 38400K, used 33280K [0x0000000795580000, 0x0000000798000000, 0x00000007c0000000)
  eden space 33280K, 100% used [0x0000000795580000,0x0000000797600000,0x0000000797600000)
  from space 5120K, 0% used [0x0000000797b00000,0x0000000797b00000,0x0000000798000000)
  to   space 5120K, 0% used [0x0000000797600000,0x0000000797600000,0x0000000797b00000)
 ParOldGen       total 87552K, used 0K [0x0000000740000000, 0x0000000745580000, 0x0000000795580000)
  object space 87552K, 0% used [0x0000000740000000,0x0000000740000000,0x0000000745580000)
 Metaspace       used 16365K, capacity 16677K, committed 17024K, reserved 1064960K
  class space    used 1690K, capacity 1793K, committed 1920K, reserved 1048576K
Event: 3.624 GC heap after
Heap after GC invocations=1 (full 0):
 PSYoungGen      total 38400K, used 5111K [0x0000000795580000, 0x0000000798000000, 0x00000007c0000000)
  eden space 33280K, 0% used [0x0000000795580000,0x0000000795580000,0x0000000797600000)
  from space 5120K, 99% used [0x0000000797600000,0x0000000797afdca8,0x0000000797b00000)
  to   space 5120K, 0% used [0x0000000797b00000,0x0000000797b00000,0x0000000798000000)
 ParOldGen       total 87552K, used 8K [0x0000000740000000, 0x0000000745580000, 0x0000000795580000)
  object space 87552K, 0% used [0x0000000740000000,0x0000000740002000,0x0000000745580000)
 Metaspace       used 16365K, capacity 16677K, committed 17024K, reserved 1064960K
  class space    used 1690K, capacity 1793K, committed 1920K, reserved 1048576K
}
Event: 4.635 GC heap before
{Heap before GC invocations=2 (full 0):
 PSYoungGen      total 38400K, used 26620K [0x0000000795580000, 0x0000000798000000, 0x00000007c0000000)
  eden space 33280K, 64% used [0x0000000795580000,0x0000000796a814c0,0x0000000797600000)
  from space 5120K, 99% used [0x0000000797600000,0x0000000797afdca8,0x0000000797b00000)
  to   space 5120K, 0% used [0x0000000797b00000,0x0000000797b00000,0x0000000798000000)
 ParOldGen       total 87552K, used 8K [0x0000000740000000, 0x0000000745580000, 0x0000000795580000)
  object space 87552K, 0% used [0x0000000740000000,0x0000000740002000,0x0000000745580000)
 Metaspace       used 20684K, capacity 21113K, committed 21296K, reserved 1069056K
  class space    used 2167K, capacity 2325K, committed 2352K, reserved 1048576K
Event: 4.645 GC heap after
Heap after GC invocations=2 (full 0):
 PSYoungGen      total 38400K, used 5091K [0x0000000795580000, 0x0000000798000000, 0x00000007c0000000)
  eden space 33280K, 0% used [0x0000000795580000,0x0000000795580000,0x0000000797600000)
  from space 5120K, 99% used [0x0000000797b00000,0x0000000797ff8c00,0x0000000798000000)
  to   space 5120K, 0% used [0x0000000797600000,0x0000000797600000,0x0000000797b00000)
 ParOldGen       total 87552K, used 2511K [0x0000000740000000, 0x0000000745580000, 0x0000000795580000)
  object space 87552K, 2% used [0x0000000740000000,0x0000000740273c78,0x0000000745580000)
 Metaspace       used 20684K, capacity 21113K, committed 21296K, reserved 1069056K
  class space    used 2167K, capacity 2325K, committed 2352K, reserved 1048576K
}
Event: 4.645 GC heap before
{Heap before GC invocations=3 (full 1):
 PSYoungGen      total 38400K, used 5091K [0x0000000795580000, 0x0000000798000000, 0x00000007c0000000)
  eden space 33280K, 0% used [0x0000000795580000,0x0000000795580000,0x0000000797600000)
  from space 5120K, 99% used [0x0000000797b00000,0x0000000797ff8c00,0x0000000798000000)
  to   space 5120K, 0% used [0x0000000797600000,0x0000000797600000,0x0000000797b00000)
 ParOldGen       total 87552K, used 2511K [0x0000000740000000, 0x0000000745580000, 0x0000000795580000)
  object space 87552K, 2% used [0x0000000740000000,0x0000000740273c78,0x0000000745580000)
 Metaspace       used 20684K, capacity 21113K, committed 21296K, reserved 1069056K
  class space    used 2167K, capacity 2325K, committed 2352K, reserved 1048576K
Event: 4.683 GC heap after
Heap after GC invocations=3 (full 1):
 PSYoungGen      total 38400K, used 0K [0x0000000795580000, 0x0000000798000000, 0x00000007c0000000)
  eden space 33280K, 0% used [0x0000000795580000,0x0000000795580000,0x0000000797600000)
  from space 5120K, 0% used [0x0000000797b00000,0x0000000797b00000,0x0000000798000000)
  to   space 5120K, 0% used [0x0000000797600000,0x0000000797600000,0x0000000797b00000)
 ParOldGen       total 63488K, used 7451K [0x0000000740000000, 0x0000000743e00000, 0x0000000795580000)
  object space 63488K, 11% used [0x0000000740000000,0x0000000740746f80,0x0000000743e00000)
 Metaspace       used 20684K, capacity 21113K, committed 21296K, reserved 1069056K
  class space    used 2167K, capacity 2325K, committed 2352K, reserved 1048576K
}
Event: 7.131 GC heap before
{Heap before GC invocations=4 (full 1):
 PSYoungGen      total 38400K, used 33280K [0x0000000795580000, 0x0000000798000000, 0x00000007c0000000)
  eden space 33280K, 100% used [0x0000000795580000,0x0000000797600000,0x0000000797600000)
  from space 5120K, 0% used [0x0000000797b00000,0x0000000797b00000,0x0000000798000000)
  to   space 5120K, 0% used [0x0000000797600000,0x0000000797600000,0x0000000797b00000)
 ParOldGen       total 63488K, used 7707K [0x0000000740000000, 0x0000000743e00000, 0x0000000795580000)
  object space 63488K, 12% used [0x0000000740000000,0x0000000740786f90,0x0000000743e00000)
 Metaspace       used 24048K, capacity 24447K, committed 25008K, reserved 1071104K
  class space    used 2480K, capacity 2620K, committed 2736K, reserved 1048576K
Event: 7.144 GC heap after
Heap after GC invocations=4 (full 1):
 PSYoungGen      total 38400K, used 5100K [0x0000000795580000, 0x0000000798d80000, 0x00000007c0000000)
  eden space 33280K, 0% used [0x0000000795580000,0x0000000795580000,0x0000000797600000)
  from space 5120K, 99% used [0x0000000797600000,0x0000000797afb128,0x0000000797b00000)
  to   space 5120K, 0% used [0x0000000798880000,0x0000000798880000,0x0000000798d80000)
 ParOldGen       total 63488K, used 15761K [0x0000000740000000, 0x0000000743e00000, 0x0000000795580000)
  object space 63488K, 24% used [0x0000000740000000,0x0000000740f646d8,0x0000000743e00000)
 Metaspace       used 24048K, capacity 24447K, committed 25008K, reserved 1071104K
  class space    used 2480K, capacity 2620K, committed 2736K, reserved 1048576K
}

Deoptimization events (10 events):
Event: 5.257 Thread 0x00007fe0aa008800 Uncommon trap: reason=unstable_if action=reinterpret pc=0x000000011303753c method=com.jogamp.common.util.IntIntHashMap.get(I)I @ 28
Event: 5.304 Thread 0x00007fe0aa008800 Uncommon trap: reason=class_check action=maybe_recompile pc=0x0000000112edd33c method=java.util.regex.Matcher.search(I)Z @ 86
Event: 5.304 Thread 0x00007fe0aa008800 Uncommon trap: reason=class_check action=maybe_recompile pc=0x0000000112edd33c method=java.util.regex.Matcher.search(I)Z @ 86
Event: 5.304 Thread 0x00007fe0aa008800 Uncommon trap: reason=class_check action=maybe_recompile pc=0x0000000112edd33c method=java.util.regex.Matcher.search(I)Z @ 86
Event: 5.304 Thread 0x00007fe0aa008800 Uncommon trap: reason=class_check action=maybe_recompile pc=0x0000000112edd33c method=java.util.regex.Matcher.search(I)Z @ 86
Event: 5.405 Thread 0x00007fe0aa008800 Uncommon trap: reason=unstable_if action=reinterpret pc=0x000000011307c9e8 method=processing.opengl.PGraphicsOpenGL$InGeometry.addVertex(FFFIFFFFFIFIIIFIZ)I @ 218
Event: 7.054 Thread 0x00007fe0aa008800 Uncommon trap: reason=unstable_if action=reinterpret pc=0x0000000113034ea0 method=com.jogamp.common.util.IntIntHashMap.get(I)I @ 19
Event: 7.075 Thread 0x00007fe0aa008800 Uncommon trap: reason=unstable_if action=reinterpret pc=0x0000000112af16b4 method=processing.opengl.Texture.convertToRGBA([IIII)V @ 281
Event: 36.893 Thread 0x00007fe0a98ff000 Uncommon trap: reason=class_check action=maybe_recompile pc=0x0000000112e07c9c method=java.util.HashMap.putVal(ILjava/lang/Object;Ljava/lang/Object;ZZ)Ljava/lang/Object; @ 91
Event: 36.894 Thread 0x00007fe0a98ff000 Uncommon trap: reason=class_check action=maybe_recompile pc=0x0000000112e03988 method=java.util.HashMap.putVal(ILjava/lang/Object;Ljava/lang/Object;ZZ)Ljava/lang/Object; @ 91

Classes redefined (0 events):
No events

Internal exceptions (10 events):
Event: 4.347 Thread 0x00007fe0aa008800 Exception <a 'java/io/FileNotFoundException'> (0x0000000795f50278) thrown at [/Users/java_re/workspace/8-2-build-macosx-x86_64/jdk8u202/12323/hotspot/src/share/vm/prims/jni.cpp, line 710]
Event: 4.347 Thread 0x00007fe0aa008800 Implicit null exception at 0x0000000112ba83b6 to 0x0000000112ba8779
Event: 4.500 Thread 0x00007fe0aa008800 Implicit null exception at 0x0000000112d87486 to 0x0000000112d876cd
Event: 5.495 Thread 0x00007fe0aa008800 Exception <a 'javax/media/opengl/GLException'> (0x0000000796ecb1f0) thrown at [/Users/java_re/workspace/8-2-build-macosx-x86_64/jdk8u202/12323/hotspot/src/share/vm/prims/jvm.cpp, line 1506]
Event: 5.495 Thread 0x00007fe0aa008800 Exception <a 'javax/media/opengl/GLException'> (0x0000000796ecb1f0) thrown at [/Users/java_re/workspace/8-2-build-macosx-x86_64/jdk8u202/12323/hotspot/src/share/vm/prims/jvm.cpp, line 1506]
Event: 7.054 Thread 0x00007fe0aa008800 Implicit null exception at 0x0000000113034d25 to 0x0000000113034e79
Event: 7.119 Thread 0x00007fe0aa008800 Exception <a 'javax/media/opengl/GLException'> (0x000000079726f150) thrown at [/Users/java_re/workspace/8-2-build-macosx-x86_64/jdk8u202/12323/hotspot/src/share/vm/prims/jvm.cpp, line 1506]
Event: 7.119 Thread 0x00007fe0aa008800 Exception <a 'javax/media/opengl/GLException'> (0x000000079726f150) thrown at [/Users/java_re/workspace/8-2-build-macosx-x86_64/jdk8u202/12323/hotspot/src/share/vm/prims/jvm.cpp, line 1506]
Event: 7.217 Thread 0x00007fe0aa008800 Exception <a 'javax/media/opengl/GLException'> (0x0000000795a00b60) thrown at [/Users/java_re/workspace/8-2-build-macosx-x86_64/jdk8u202/12323/hotspot/src/share/vm/prims/jvm.cpp, line 1506]
Event: 7.217 Thread 0x00007fe0aa008800 Exception <a 'javax/media/opengl/GLException'> (0x0000000795a00b60) thrown at [/Users/java_re/workspace/8-2-build-macosx-x86_64/jdk8u202/12323/hotspot/src/share/vm/prims/jvm.cpp, line 1506]

Events (10 events):
Event: 36.913 loading class jogamp/nativewindow/jawt/macosx/MacOSXJAWTWindow$1 done
Event: 36.915 loading class java/awt/LightweightDispatcher$2
Event: 36.915 loading class java/awt/LightweightDispatcher$2 done
Event: 36.915 loading class java/awt/event/AWTEventListenerProxy
Event: 36.915 loading class java/awt/event/AWTEventListenerProxy done
Event: 36.915 loading class java/awt/Toolkit$ToolkitEventMulticaster
Event: 36.915 loading class java/awt/Toolkit$ToolkitEventMulticaster done
Event: 36.915 Thread 0x00007fe0a98ff000 Thread exited: 0x00007fe0a98ff000
Event: 36.916 loading class java/awt/Window$1DisposeAction
Event: 36.916 loading class java/awt/Window$1DisposeAction done


Dynamic libraries:
0x00007fff34f2b000 	/System/Library/Frameworks/Cocoa.framework/Versions/A/Cocoa
0x00007fff222bb000 	/System/Library/Frameworks/Security.framework/Versions/A/Security
0x00007fff33138000 	/System/Library/Frameworks/ApplicationServices.framework/Versions/A/ApplicationServices
0x00007fff2a538000 	/usr/lib/libz.1.dylib
0x00007fff2a600000 	/usr/lib/libSystem.B.dylib
0x00007fff202cd000 	/usr/lib/libobjc.A.dylib
0x00007fff204ad000 	/System/Library/Frameworks/CoreFoundation.framework/Versions/A/CoreFoundation
0x00007fff2125a000 	/System/Library/Frameworks/Foundation.framework/Versions/C/Foundation
0x00007fff22ce9000 	/System/Library/Frameworks/AppKit.framework/Versions/C/AppKit
0x00007fff25ba8000 	/System/Library/Frameworks/CoreData.framework/Versions/A/CoreData
0x00007fff23a32000 	/System/Library/PrivateFrameworks/UIFoundation.framework/Versions/A/UIFoundation
0x00007fff2fc0e000 	/System/Library/PrivateFrameworks/RemoteViewServices.framework/Versions/A/RemoteViewServices
0x00007fff28a44000 	/System/Library/PrivateFrameworks/XCTTargetBootstrap.framework/Versions/A/XCTTargetBootstrap
0x00007fff2b729000 	/usr/lib/libspindump.dylib
0x00007fff23c81000 	/System/Library/Frameworks/UniformTypeIdentifiers.framework/Versions/A/UniformTypeIdentifiers
0x00007fff27244000 	/usr/lib/libapp_launch_measurement.dylib
0x00007fff27247000 	/System/Library/PrivateFrameworks/CoreAutoLayout.framework/Versions/A/CoreAutoLayout
0x00007fff283a7000 	/System/Library/Frameworks/Metal.framework/Versions/A/Metal
0x00007fff290a1000 	/usr/lib/liblangid.dylib
0x00007fff28a48000 	/System/Library/PrivateFrameworks/CoreSVG.framework/Versions/A/CoreSVG
0x00007fff24cc0000 	/System/Library/PrivateFrameworks/SkyLight.framework/Versions/A/SkyLight
0x00007fff25025000 	/System/Library/Frameworks/CoreGraphics.framework/Versions/A/CoreGraphics
0x00007fff30135000 	/System/Library/Frameworks/Accelerate.framework/Versions/A/Accelerate
0x00007fff2b167000 	/System/Library/PrivateFrameworks/IconServices.framework/Versions/A/IconServices
0x00007fff2838b000 	/System/Library/Frameworks/IOSurface.framework/Versions/A/IOSurface
0x00007fff26530000 	/usr/lib/libDiagnosticMessagesClient.dylib
0x00007fff28a30000 	/System/Library/PrivateFrameworks/DFRFoundation.framework/Versions/A/DFRFoundation
0x00007fff22610000 	/usr/lib/libicucore.A.dylib
0x00007fff2cc70000 	/System/Library/Frameworks/AudioToolbox.framework/Versions/A/AudioToolbox
0x00007fff2befa000 	/System/Library/PrivateFrameworks/DataDetectorsCore.framework/Versions/A/DataDetectorsCore
0x00007fff24c34000 	/usr/lib/libMobileGestalt.dylib
0x00007fff28734000 	/System/Library/Frameworks/Carbon.framework/Versions/A/Frameworks/HIToolbox.framework/Versions/A/HIToolbox
0x00007fff26c8a000 	/System/Library/Frameworks/QuartzCore.framework/Versions/A/QuartzCore
0x00007fff2fc46000 	/System/Library/Frameworks/Carbon.framework/Versions/A/Frameworks/SpeechRecognition.framework/Versions/A/SpeechRecognition
0x00007fff26fa9000 	/System/Library/PrivateFrameworks/CoreUI.framework/Versions/A/CoreUI
0x00007fff21c2a000 	/System/Library/Frameworks/CoreAudio.framework/Versions/A/CoreAudio
0x00007fff2661b000 	/System/Library/Frameworks/DiskArbitration.framework/Versions/A/DiskArbitration
0x00007fff2baf7000 	/System/Library/PrivateFrameworks/MultitouchSupport.framework/Versions/A/MultitouchSupport
0x00007fff2bef1000 	/System/Library/PrivateFrameworks/InternationalSupport.framework/Versions/A/InternationalSupport
0x00007fff24c33000 	/usr/lib/libenergytrace.dylib
0x00007fff22be0000 	/System/Library/Frameworks/IOKit.framework/Versions/A/IOKit
0x00007fff2ff79000 	/System/Library/Frameworks/CoreServices.framework/Versions/A/CoreServices
0x00007fff271d6000 	/System/Library/PrivateFrameworks/PerformanceAnalysis.framework/Versions/A/PerformanceAnalysis
0x00007fff6ba1e000 	/System/Library/Frameworks/OpenGL.framework/Versions/A/OpenGL
0x00007fff2bf75000 	/System/Library/PrivateFrameworks/UserActivity.framework/Versions/A/UserActivity
0x00007fff256af000 	/System/Library/Frameworks/ColorSync.framework/Versions/A/ColorSync
0x00007fff28caf000 	/System/Library/Frameworks/CoreImage.framework/Versions/A/CoreImage
0x00007fff21a44000 	/System/Library/Frameworks/CoreText.framework/Versions/A/CoreText
0x00007fff28a72000 	/System/Library/Frameworks/ImageIO.framework/Versions/A/ImageIO
0x00007fff2a606000 	/System/Library/PrivateFrameworks/SoftLinking.framework/Versions/A/SoftLinking
0x00007fff2728f000 	/usr/lib/libxml2.2.dylib
0x00007fff20393000 	/usr/lib/libc++.1.dylib
0x00007fff2a877000 	/usr/lib/libcompression.dylib
0x00007fff2be23000 	/System/Library/PrivateFrameworks/TextureIO.framework/Versions/A/TextureIO
0x00007fff2aea6000 	/usr/lib/libate.dylib
0x00007fff2a5fa000 	/usr/lib/system/libcache.dylib
0x00007fff2a5b6000 	/usr/lib/system/libcommonCrypto.dylib
0x00007fff2a5e0000 	/usr/lib/system/libcompiler_rt.dylib
0x00007fff2a5d5000 	/usr/lib/system/libcopyfile.dylib
0x00007fff201bd000 	/usr/lib/system/libcorecrypto.dylib
0x00007fff20288000 	/usr/lib/system/libdispatch.dylib
0x00007fff2043b000 	/usr/lib/system/libdyld.dylib
0x00007fff2a5f1000 	/usr/lib/system/libkeymgr.dylib
0x00007fff2d9ec000 	/usr/lib/system/liblaunch.dylib
0x00007fff2a594000 	/usr/lib/system/libmacho.dylib
0x00007fff29d8c000 	/usr/lib/system/libquarantine.dylib
0x00007fff2a5ee000 	/usr/lib/system/libremovefile.dylib
0x00007fff24c91000 	/usr/lib/system/libsystem_asl.dylib
0x00007fff2016d000 	/usr/lib/system/libsystem_blocks.dylib
0x00007fff2030a000 	/usr/lib/system/libsystem_c.dylib
0x00007fff2a5e8000 	/usr/lib/system/libsystem_collections.dylib
0x00007fff29092000 	/usr/lib/system/libsystem_configuration.dylib
0x00007fff2837a000 	/usr/lib/system/libsystem_containermanager.dylib
0x00007fff2a337000 	/usr/lib/system/libsystem_coreservices.dylib
0x00007fff22870000 	/usr/lib/system/libsystem_darwin.dylib
0x00007fff2a5f2000 	/usr/lib/system/libsystem_dnssd.dylib
0x00007fff20307000 	/usr/lib/system/libsystem_featureflags.dylib
0x00007fff20481000 	/usr/lib/system/libsystem_info.dylib
0x00007fff2a54b000 	/usr/lib/system/libsystem_m.dylib
0x00007fff2025b000 	/usr/lib/system/libsystem_malloc.dylib
0x00007fff24c24000 	/usr/lib/system/libsystem_networkextension.dylib
0x00007fff22c8f000 	/usr/lib/system/libsystem_notify.dylib
0x00007fff2fe7b000 	/usr/lib/system/libsystem_product_info_filter.dylib
0x00007fff29096000 	/usr/lib/system/libsystem_sandbox.dylib
0x00007fff2a5eb000 	/usr/lib/system/libsystem_secinit.dylib
0x00007fff203ff000 	/usr/lib/system/libsystem_kernel.dylib
0x00007fff20477000 	/usr/lib/system/libsystem_platform.dylib
0x00007fff2042f000 	/usr/lib/system/libsystem_pthread.dylib
0x00007fff2636c000 	/usr/lib/system/libsystem_symptoms.dylib
0x00007fff201a5000 	/usr/lib/system/libsystem_trace.dylib
0x00007fff2a5c2000 	/usr/lib/system/libunwind.dylib
0x00007fff2016f000 	/usr/lib/system/libxpc.dylib
0x00007fff203e9000 	/usr/lib/libc++abi.dylib
0x00007fff2a5cd000 	/usr/lib/liboah.dylib
0x00007fff2ac8b000 	/usr/lib/liblzma.5.dylib
0x00007fff20f6e000 	/System/Library/Frameworks/SystemConfiguration.framework/Versions/A/SystemConfiguration
0x00007fff2a602000 	/usr/lib/libfakelink.dylib
0x00007fff24785000 	/System/Library/Frameworks/CFNetwork.framework/Versions/A/CFNetwork
0x00007fff2a742000 	/usr/lib/libarchive.2.dylib
0x00007fff20fec000 	/usr/lib/libCRFSuite.dylib
0x00007fff29db3000 	/usr/lib/libbsm.0.dylib
0x00007fff240fe000 	/usr/lib/libnetwork.dylib
0x00007fff2a607000 	/usr/lib/libpcap.A.dylib
0x00007fff26365000 	/usr/lib/libdns_services.dylib
0x00007fff2aca4000 	/usr/lib/libcoretls_cfhelpers.dylib
0x00007fff2a841000 	/usr/lib/libapple_nghttp2.dylib
0x00007fff2a59a000 	/usr/lib/system/libkxld.dylib
0x00007fff25fde000 	/usr/lib/libsqlite3.dylib
0x00007fff2a31a000 	/System/Library/PrivateFrameworks/AppleFSCompression.framework/Versions/A/AppleFSCompression
0x00007fff29d9b000 	/usr/lib/libcoretls.dylib
0x00007fff2a872000 	/usr/lib/libpam.2.dylib
0x00007fff2ada2000 	/usr/lib/libxar.1.dylib
0x00007fff2909d000 	/System/Library/PrivateFrameworks/AppleSystemInfo.framework/Versions/A/AppleSystemInfo
0x00007fff299dd000 	/System/Library/PrivateFrameworks/IOMobileFramebuffer.framework/Versions/A/IOMobileFramebuffer
0x00007fff2a32a000 	/usr/lib/libbz2.1.0.dylib
0x00007fff2a63f000 	/usr/lib/libiconv.2.dylib
0x00007fff2a593000 	/usr/lib/libcharset.1.dylib
0x00007fff27212000 	/System/Library/Frameworks/CoreServices.framework/Versions/A/Frameworks/FSEvents.framework/Versions/A/FSEvents
0x00007fff2287a000 	/System/Library/Frameworks/CoreServices.framework/Versions/A/Frameworks/CarbonCore.framework/Versions/A/CarbonCore
0x00007fff26580000 	/System/Library/Frameworks/CoreServices.framework/Versions/A/Frameworks/Metadata.framework/Versions/A/Metadata
0x00007fff2a33c000 	/System/Library/Frameworks/CoreServices.framework/Versions/A/Frameworks/OSServices.framework/Versions/A/OSServices
0x00007fff2a7b4000 	/System/Library/Frameworks/CoreServices.framework/Versions/A/Frameworks/SearchKit.framework/Versions/A/SearchKit
0x00007fff262f0000 	/System/Library/Frameworks/CoreServices.framework/Versions/A/Frameworks/AE.framework/Versions/A/AE
0x00007fff2094b000 	/System/Library/Frameworks/CoreServices.framework/Versions/A/Frameworks/LaunchServices.framework/Versions/A/LaunchServices
0x00007fff2ac3b000 	/System/Library/Frameworks/CoreServices.framework/Versions/A/Frameworks/DictionaryServices.framework/Versions/A/DictionaryServices
0x00007fff2721f000 	/System/Library/Frameworks/CoreServices.framework/Versions/A/Frameworks/SharedFileList.framework/Versions/A/SharedFileList
0x00007fff29d8f000 	/usr/lib/libCheckFix.dylib
0x00007fff24ca8000 	/System/Library/PrivateFrameworks/TCC.framework/Versions/A/TCC
0x00007fff290a3000 	/System/Library/PrivateFrameworks/CoreNLP.framework/Versions/A/CoreNLP
0x00007fff26533000 	/System/Library/PrivateFrameworks/MetadataUtilities.framework/Versions/A/MetadataUtilities
0x00007fff21021000 	/usr/lib/libmecabra.dylib
0x00007fff2a099000 	/System/Library/Frameworks/MLCompute.framework/Versions/A/MLCompute
0x00007fff29dc4000 	/usr/lib/libmecab.dylib
0x00007fff29e0e000 	/usr/lib/libgermantok.dylib
0x00007fff2a81c000 	/usr/lib/libThaiTokenizer.dylib
0x00007fff2addd000 	/usr/lib/libChineseTokenizer.dylib
0x00007fff2a870000 	/System/Library/Frameworks/MetalPerformanceShaders.framework/Versions/A/MetalPerformanceShaders
0x00007fff26622000 	/System/Library/Frameworks/Accelerate.framework/Versions/A/Frameworks/vImage.framework/Versions/A/vImage
0x00007fff2ff53000 	/System/Library/Frameworks/Accelerate.framework/Versions/A/Frameworks/vecLib.framework/Versions/A/vecLib
0x00007fff2ade8000 	/System/Library/Frameworks/Accelerate.framework/Versions/A/Frameworks/vecLib.framework/Versions/A/libvMisc.dylib
0x00007fff297f8000 	/System/Library/Frameworks/Accelerate.framework/Versions/A/Frameworks/vecLib.framework/Versions/A/libvDSP.dylib
0x00007fff20c54000 	/System/Library/Frameworks/Accelerate.framework/Versions/A/Frameworks/vecLib.framework/Versions/A/libBLAS.dylib
0x00007fff2a89d000 	/System/Library/Frameworks/Accelerate.framework/Versions/A/Frameworks/vecLib.framework/Versions/A/libLAPACK.dylib
0x00007fff29e14000 	/System/Library/Frameworks/Accelerate.framework/Versions/A/Frameworks/vecLib.framework/Versions/A/libLinearAlgebra.dylib
0x00007fff2a859000 	/System/Library/Frameworks/Accelerate.framework/Versions/A/Frameworks/vecLib.framework/Versions/A/libSparseBLAS.dylib
0x00007fff2a897000 	/System/Library/Frameworks/Accelerate.framework/Versions/A/Frameworks/vecLib.framework/Versions/A/libQuadrature.dylib
0x00007fff2914f000 	/System/Library/Frameworks/Accelerate.framework/Versions/A/Frameworks/vecLib.framework/Versions/A/libBNNS.dylib
0x00007fff20eff000 	/System/Library/Frameworks/Accelerate.framework/Versions/A/Frameworks/vecLib.framework/Versions/A/libSparse.dylib
0x00007fff2902b000 	/System/Library/Frameworks/MetalPerformanceShaders.framework/Versions/A/Frameworks/MPSCore.framework/Versions/A/MPSCore
0x00007fff2a289000 	/System/Library/Frameworks/MetalPerformanceShaders.framework/Versions/A/Frameworks/MPSImage.framework/Versions/A/MPSImage
0x00007fff29e2a000 	/System/Library/Frameworks/MetalPerformanceShaders.framework/Versions/A/Frameworks/MPSNeuralNetwork.framework/Versions/A/MPSNeuralNetwork
0x00007fff2a1fb000 	/System/Library/Frameworks/MetalPerformanceShaders.framework/Versions/A/Frameworks/MPSMatrix.framework/Versions/A/MPSMatrix
0x00007fff2a049000 	/System/Library/Frameworks/MetalPerformanceShaders.framework/Versions/A/Frameworks/MPSRayIntersector.framework/Versions/A/MPSRayIntersector
0x00007fff2a232000 	/System/Library/Frameworks/MetalPerformanceShaders.framework/Versions/A/Frameworks/MPSNDArray.framework/Versions/A/MPSNDArray
0x00007fff20b80000 	/System/Library/PrivateFrameworks/MetalTools.framework/Versions/A/MetalTools
0x00007fff2909b000 	/System/Library/PrivateFrameworks/AggregateDictionary.framework/Versions/A/AggregateDictionary
0x00007fff26500000 	/System/Library/PrivateFrameworks/CoreAnalytics.framework/Versions/A/CoreAnalytics
0x00007fff2a81e000 	/System/Library/PrivateFrameworks/AppleSauce.framework/Versions/A/AppleSauce
0x00007fff2839d000 	/System/Library/PrivateFrameworks/IOAccelerator.framework/Versions/A/IOAccelerator
0x00007fff6ba12000 	/System/Library/Frameworks/OpenGL.framework/Versions/A/Libraries/libCoreFSCache.dylib
0x00007fff215b9000 	/System/Library/PrivateFrameworks/LanguageModeling.framework/Versions/A/LanguageModeling
0x00007fff299cb000 	/System/Library/PrivateFrameworks/CoreEmoji.framework/Versions/A/CoreEmoji
0x00007fff29148000 	/System/Library/PrivateFrameworks/LinguisticData.framework/Versions/A/LinguisticData
0x00007fff20eb1000 	/System/Library/PrivateFrameworks/Lexicon.framework/Versions/A/Lexicon
0x00007fff2a730000 	/usr/lib/libcmph.dylib
0x00007fff271f2000 	/System/Library/Frameworks/OpenDirectory.framework/Versions/A/Frameworks/CFOpenDirectory.framework/Versions/A/CFOpenDirectory
0x00007fff271e2000 	/System/Library/Frameworks/OpenDirectory.framework/Versions/A/OpenDirectory
0x00007fff2aca6000 	/System/Library/PrivateFrameworks/APFS.framework/Versions/A/APFS
0x00007fff29cf1000 	/System/Library/Frameworks/SecurityFoundation.framework/Versions/A/SecurityFoundation
0x00007fff2adb0000 	/usr/lib/libutil.dylib
0x00007fff22ba5000 	/System/Library/PrivateFrameworks/CoreServicesStore.framework/Versions/A/CoreServicesStore
0x00007fff29d87000 	/System/Library/Frameworks/ServiceManagement.framework/Versions/A/ServiceManagement
0x00007fff2adb4000 	/usr/lib/libxslt.1.dylib
0x00007fff29d7d000 	/System/Library/PrivateFrameworks/BackgroundTaskManagement.framework/Versions/A/BackgroundTaskManagement
0x00007fff2bd6d000 	/System/Library/Frameworks/ImageIO.framework/Versions/A/Resources/libRadiance.dylib
0x00007fff2bd77000 	/System/Library/Frameworks/ImageIO.framework/Versions/A/Resources/libJPEG.dylib
0x00007fff2bcc1000 	/System/Library/Frameworks/ImageIO.framework/Versions/A/Resources/libPng.dylib
0x00007fff2bce8000 	/System/Library/Frameworks/ImageIO.framework/Versions/A/Resources/libTIFF.dylib
0x00007fff2bdcc000 	/System/Library/Frameworks/ImageIO.framework/Versions/A/Resources/libGIF.dylib
0x00007fff2ba13000 	/System/Library/Frameworks/ImageIO.framework/Versions/A/Resources/libJP2.dylib
0x00007fff2b12f000 	/usr/lib/libexpat.1.dylib
0x00007fff2b9c9000 	/System/Library/PrivateFrameworks/AppleJPEG.framework/Versions/A/AppleJPEG
0x00007fff285d3000 	/System/Library/PrivateFrameworks/FontServices.framework/libFontParser.dylib
0x00007fff262a7000 	/System/Library/PrivateFrameworks/RunningBoardServices.framework/Versions/A/RunningBoardServices
0x00007fff2baf3000 	/System/Library/PrivateFrameworks/WatchdogClient.framework/Versions/A/WatchdogClient
0x00007fff216a2000 	/System/Library/Frameworks/CoreDisplay.framework/Versions/A/CoreDisplay
0x00007fff284e8000 	/System/Library/Frameworks/CoreMedia.framework/Versions/A/CoreMedia
0x00007fff27372000 	/System/Library/Frameworks/CoreVideo.framework/Versions/A/CoreVideo
0x00007fff2bb2e000 	/System/Library/Frameworks/VideoToolbox.framework/Versions/A/VideoToolbox
0x00007fff26227000 	/System/Library/PrivateFrameworks/BaseBoard.framework/Versions/A/BaseBoard
0x00007fff2b273000 	/System/Library/PrivateFrameworks/PersistentConnection.framework/Versions/A/PersistentConnection
0x00007fff25fc8000 	/System/Library/PrivateFrameworks/ProtocolBuffer.framework/Versions/A/ProtocolBuffer
0x00007fff2620f000 	/System/Library/PrivateFrameworks/CommonUtilities.framework/Versions/A/CommonUtilities
0x00007fff2b98c000 	/System/Library/PrivateFrameworks/Bom.framework/Versions/A/Bom
0x00007fff2bd65000 	/System/Library/PrivateFrameworks/GPUWrangler.framework/Versions/A/GPUWrangler
0x00007fff2bd48000 	/System/Library/PrivateFrameworks/IOPresentment.framework/Versions/A/IOPresentment
0x00007fff2bd71000 	/System/Library/PrivateFrameworks/DSExternalDisplay.framework/Versions/A/DSExternalDisplay
0x00007fff2bdd1000 	/System/Library/PrivateFrameworks/CMCaptureCore.framework/Versions/A/CMCaptureCore
0x00007fff2b70f000 	/System/Library/PrivateFrameworks/AppServerSupport.framework/Versions/A/AppServerSupport
0x00007fff2d78f000 	/System/Library/PrivateFrameworks/perfdata.framework/Versions/A/perfdata
0x00007fff29ce0000 	/System/Library/PrivateFrameworks/AssertionServices.framework/Versions/A/AssertionServices
0x00007fff217d9000 	/System/Library/PrivateFrameworks/AudioToolboxCore.framework/Versions/A/AudioToolboxCore
0x00007fff284cb000 	/System/Library/PrivateFrameworks/caulk.framework/Versions/A/caulk
0x00007fff3cbc5000 	/System/Library/PrivateFrameworks/SystemPolicy.framework/Versions/A/SystemPolicy
0x00007fff2af3e000 	/usr/lib/libIOReport.dylib
0x00007fff2cfcb000 	/usr/lib/libSMC.dylib
0x00007fff2bc8d000 	/usr/lib/libAudioToolboxUtility.dylib
0x00007fff3d521000 	/usr/lib/libmis.dylib
0x00007fff6ba6e000 	/System/Library/Frameworks/OpenGL.framework/Versions/A/Libraries/libGLU.dylib
0x00007fff6ba31000 	/System/Library/Frameworks/OpenGL.framework/Versions/A/Libraries/libGFXShared.dylib
0x00007fff6bc3f000 	/System/Library/Frameworks/OpenGL.framework/Versions/A/Libraries/libGL.dylib
0x00007fff6ba3a000 	/System/Library/Frameworks/OpenGL.framework/Versions/A/Libraries/libGLImage.dylib
0x00007fff6ba2e000 	/System/Library/Frameworks/OpenGL.framework/Versions/A/Libraries/libCVMSPluginSupport.dylib
0x00007fff6ba19000 	/System/Library/Frameworks/OpenGL.framework/Versions/A/Libraries/libCoreVMClient.dylib
0x00007fff6d089000 	/System/Library/Frameworks/OpenCL.framework/Versions/A/OpenCL
0x00007fff2b29c000 	/System/Library/PrivateFrameworks/GraphVisualizer.framework/Versions/A/GraphVisualizer
0x00007fff2b2ab000 	/System/Library/PrivateFrameworks/FaceCore.framework/Versions/A/FaceCore
0x00007fff2b6c7000 	/System/Library/PrivateFrameworks/OTSVG.framework/Versions/A/OTSVG
0x00007fff26f67000 	/System/Library/Frameworks/ApplicationServices.framework/Versions/A/Frameworks/ATS.framework/Versions/A/Resources/libFontRegistry.dylib
0x00007fff2b716000 	/System/Library/PrivateFrameworks/FontServices.framework/libhvf.dylib
0x00007fff2b0db000 	/System/Library/PrivateFrameworks/AppleVA.framework/Versions/A/AppleVA
0x00007fff2ce13000 	/System/Library/Frameworks/ApplicationServices.framework/Versions/A/Frameworks/ATS.framework/Versions/A/ATS
0x00007fff2d126000 	/System/Library/Frameworks/ApplicationServices.framework/Versions/A/Frameworks/ColorSyncLegacy.framework/Versions/A/ColorSyncLegacy
0x00007fff257a6000 	/System/Library/Frameworks/ApplicationServices.framework/Versions/A/Frameworks/HIServices.framework/Versions/A/HIServices
0x00007fff2d10b000 	/System/Library/Frameworks/ApplicationServices.framework/Versions/A/Frameworks/LangAnalysis.framework/Versions/A/LangAnalysis
0x00007fff2bddb000 	/System/Library/Frameworks/ApplicationServices.framework/Versions/A/Frameworks/PrintCore.framework/Versions/A/PrintCore
0x00007fff2d12e000 	/System/Library/Frameworks/ApplicationServices.framework/Versions/A/Frameworks/QD.framework/Versions/A/QD
0x00007fff2ce03000 	/System/Library/Frameworks/ApplicationServices.framework/Versions/A/Frameworks/SpeechSynthesis.framework/Versions/A/SpeechSynthesis
0x00007fff2bd9c000 	/System/Library/Frameworks/ApplicationServices.framework/Versions/A/Frameworks/ATSUI.framework/Versions/A/ATSUI
0x00007fff2d0ab000 	/usr/lib/libcups.2.dylib
0x00007fff2d11b000 	/System/Library/PrivateFrameworks/NetAuth.framework/Versions/A/NetAuth
0x00007fff2d7aa000 	/System/Library/Frameworks/Kerberos.framework/Versions/A/Kerberos
0x00007fff2d7ba000 	/System/Library/Frameworks/GSS.framework/Versions/A/GSS
0x00007fff2ce80000 	/usr/lib/libresolv.9.dylib
0x00007fff2b72c000 	/System/Library/PrivateFrameworks/Heimdal.framework/Versions/A/Heimdal
0x00007fff3344d000 	/System/Library/Frameworks/Kerberos.framework/Versions/A/Libraries/libHeimdalProxy.dylib
0x00007fff26374000 	/System/Library/Frameworks/Network.framework/Versions/A/Network
0x00007fff2b148000 	/usr/lib/libheimdal-asn1.dylib
0x00007fff2d80b000 	/System/Library/PrivateFrameworks/CommonAuth.framework/Versions/A/CommonAuth
0x00007fff273c0000 	/System/Library/PrivateFrameworks/login.framework/Versions/A/Frameworks/loginsupport.framework/Versions/A/loginsupport
0x00007fff2cd8a000 	/System/Library/PrivateFrameworks/AudioSession.framework/Versions/A/AudioSession
0x00007fff2cdf0000 	/usr/lib/libAudioStatistics.dylib
0x00007fff2b1d4000 	/System/Library/PrivateFrameworks/MediaExperience.framework/Versions/A/MediaExperience
0x00007fff2cc3e000 	/System/Library/PrivateFrameworks/AudioSession.framework/libSessionUtility.dylib
0x00007fff2d79b000 	/usr/lib/libperfcheck.dylib
0x00007fff2d13a000 	/System/Library/PrivateFrameworks/AudioResourceArbitration.framework/Versions/A/AudioResourceArbitration
0x00007fff2b152000 	/System/Library/PrivateFrameworks/IconFoundation.framework/Versions/A/IconFoundation
0x00007fff2fc36000 	/System/Library/PrivateFrameworks/SpeechRecognitionCore.framework/Versions/A/SpeechRecognitionCore
0x000000010b800000 	/Library/Java/JavaVirtualMachines/jdk1.8.0_202.jdk/Contents/Home/jre/lib/server/libjvm.dylib
0x00007fff77f9d000 	/usr/lib/libstdc++.6.dylib
0x0000000109043000 	/Library/Java/JavaVirtualMachines/jdk1.8.0_202.jdk/Contents/Home/jre/lib/libverify.dylib
0x0000000109051000 	/Library/Java/JavaVirtualMachines/jdk1.8.0_202.jdk/Contents/Home/jre/lib/libjava.dylib
0x00000001090d1000 	/Library/Java/JavaVirtualMachines/jdk1.8.0_202.jdk/Contents/Home/jre/lib/libzip.dylib
0x00000001119a0000 	/Library/Java/JavaVirtualMachines/jdk1.8.0_202.jdk/Contents/Home/jre/lib/libawt.dylib
0x0000000111a49000 	/Library/Java/JavaVirtualMachines/jdk1.8.0_202.jdk/Contents/Home/jre/lib/libmlib_image.dylib
0x00007fff6e9be000 	/System/Library/Frameworks/JavaNativeFoundation.framework/Versions/A/JavaNativeFoundation
0x00007fff6e9ca000 	/System/Library/Frameworks/JavaRuntimeSupport.framework/Versions/A/JavaRuntimeSupport
0x00007fff3c90f000 	/System/Library/Frameworks/Carbon.framework/Versions/A/Carbon
0x00007fff31aa7000 	/System/Library/PrivateFrameworks/CoreSymbolication.framework/Versions/A/CoreSymbolication
0x00007fff363c6000 	/System/Library/Frameworks/Carbon.framework/Versions/A/Frameworks/CommonPanels.framework/Versions/A/CommonPanels
0x00007fff32ee2000 	/System/Library/Frameworks/Carbon.framework/Versions/A/Frameworks/Help.framework/Versions/A/Help
0x00007fff363ca000 	/System/Library/Frameworks/Carbon.framework/Versions/A/Frameworks/ImageCapture.framework/Versions/A/ImageCapture
0x00007fff3639a000 	/System/Library/Frameworks/Carbon.framework/Versions/A/Frameworks/OpenScripting.framework/Versions/A/OpenScripting
0x00007fff363c2000 	/System/Library/Frameworks/Carbon.framework/Versions/A/Frameworks/Ink.framework/Versions/A/Ink
0x00007fff3c90b000 	/System/Library/Frameworks/Carbon.framework/Versions/A/Frameworks/Print.framework/Versions/A/Print
0x00007fff363be000 	/System/Library/Frameworks/Carbon.framework/Versions/A/Frameworks/SecurityHI.framework/Versions/A/SecurityHI
0x00007fff31a6b000 	/System/Library/PrivateFrameworks/DebugSymbols.framework/Versions/A/DebugSymbols
0x0000000111b15000 	/Library/Java/JavaVirtualMachines/jdk1.8.0_202.jdk/Contents/Home/jre/lib/libawt_lwawt.dylib
0x000000010977f000 	/Library/Java/JavaVirtualMachines/jdk1.8.0_202.jdk/Contents/Home/jre/lib/libosxapp.dylib
0x00007fff3bf2a000 	/System/Library/Frameworks/ExceptionHandling.framework/Versions/A/ExceptionHandling
0x00007fff22b66000 	/System/Library/PrivateFrameworks/CoreServicesInternal.framework/Versions/A/CoreServicesInternal
0x00007fff30fbd000 	/System/Library/Frameworks/FileProvider.framework/Versions/A/FileProvider
0x00007fff26192000 	/System/Library/Frameworks/Accounts.framework/Versions/A/Accounts
0x00007fff3110d000 	/System/Library/PrivateFrameworks/GenerationalStorage.framework/Versions/A/GenerationalStorage
0x00007fff309dd000 	/System/Library/PrivateFrameworks/SymptomDiagnosticReporter.framework/Versions/A/SymptomDiagnosticReporter
0x00007fff23c94000 	/System/Library/PrivateFrameworks/DesktopServicesPriv.framework/Versions/A/DesktopServicesPriv
0x00007fff22c9b000 	/usr/lib/libsandbox.1.dylib
0x00007fff273eb000 	/System/Library/PrivateFrameworks/UserManagement.framework/Versions/A/UserManagement
0x00007fff29cbd000 	/System/Library/PrivateFrameworks/MobileKeyBag.framework/Versions/A/MobileKeyBag
0x00007fff344cf000 	/System/Library/PrivateFrameworks/ChunkingLibrary.framework/Versions/A/ChunkingLibrary
0x00007fff2e1ce000 	/System/Library/PrivateFrameworks/Sharing.framework/Versions/A/Sharing
0x00007fff32a4f000 	/System/Library/PrivateFrameworks/Apple80211.framework/Versions/A/Apple80211
0x00007fff2a36a000 	/System/Library/PrivateFrameworks/AuthKit.framework/Versions/A/AuthKit
0x00007fff29abb000 	/System/Library/PrivateFrameworks/CoreUtils.framework/Versions/A/CoreUtils
0x00007fff299e8000 	/System/Library/Frameworks/CoreWLAN.framework/Versions/A/CoreWLAN
0x00007fff2e31a000 	/System/Library/Frameworks/IOBluetooth.framework/Versions/A/IOBluetooth
0x00007fff32ab3000 	/System/Library/PrivateFrameworks/CoreWiFi.framework/Versions/A/CoreWiFi
0x00007fff2d891000 	/System/Library/PrivateFrameworks/CorePhoneNumbers.framework/Versions/A/CorePhoneNumbers
0x00007fff30ae4000 	/System/Library/PrivateFrameworks/DiskManagement.framework/Versions/A/DiskManagement
0x00007fff309fa000 	/System/Library/PrivateFrameworks/AppleIDAuthSupport.framework/Versions/A/AppleIDAuthSupport
0x00007fff2d871000 	/System/Library/PrivateFrameworks/KeychainCircle.framework/Versions/A/KeychainCircle
0x00007fff30ab0000 	/System/Library/PrivateFrameworks/MediaKit.framework/Versions/A/MediaKit
0x00007fff30a07000 	/System/Library/Frameworks/DiscRecording.framework/Versions/A/DiscRecording
0x00007fff2b04f000 	/usr/lib/libCoreStorage.dylib
0x00007fff32eee000 	/usr/lib/libcsfde.dylib
0x00007fff2e455000 	/System/Library/PrivateFrameworks/ProtectedCloudStorage.framework/Versions/A/ProtectedCloudStorage
0x00007fff32ee6000 	/System/Library/PrivateFrameworks/EFILogin.framework/Versions/A/EFILogin
0x00007fff33500000 	/System/Library/Frameworks/AudioUnit.framework/Versions/A/AudioUnit
0x00007fff30977000 	/System/Library/Frameworks/CoreBluetooth.framework/Versions/A/CoreBluetooth
0x00007fff2b047000 	/usr/lib/libMatch.1.dylib
0x00007fff4377d000 	/System/Library/CoreServices/RawCamera.bundle/Contents/MacOS/RawCamera
0x00007fff2d81c000 	/System/Library/PrivateFrameworks/MobileAsset.framework/Versions/A/MobileAsset
0x00007fff33524000 	/System/Library/PrivateFrameworks/StreamingZip.framework/Versions/A/StreamingZip
0x00007fff2bfd3000 	/System/Library/Frameworks/MediaToolbox.framework/Versions/A/MediaToolbox
0x00007fff30f8f000 	/System/Library/PrivateFrameworks/CoreAVCHD.framework/Versions/A/CoreAVCHD
0x00007fff30176000 	/System/Library/Frameworks/MediaAccessibility.framework/Versions/A/MediaAccessibility
0x00007fff30f8b000 	/System/Library/PrivateFrameworks/Mangrove.framework/Versions/A/Mangrove
0x00007fff30182000 	/System/Library/PrivateFrameworks/AlgosScoreFramework.framework/Versions/A/AlgosScoreFramework
0x00007fff31979000 	/System/Library/PrivateFrameworks/AppleVPA.framework/Versions/A/AppleVPA
0x00007fff30bd0000 	/System/Library/PrivateFrameworks/CoreAUC.framework/Versions/A/CoreAUC
0x00007fff411d0000 	/System/Library/Frameworks/Accelerate.framework/Versions/A/Frameworks/vImage.framework/Versions/A/Libraries/libCGInterfaces.dylib
0x0000000112804000 	/usr/lib/libobjc-trampolines.dylib
0x00007fff35369000 	/System/Library/PrivateFrameworks/FamilyControls.framework/Versions/A/FamilyControls
0x00007fff3538d000 	/System/Library/PrivateFrameworks/CommerceKit.framework/Versions/A/Frameworks/CommerceCore.framework/Versions/A/CommerceCore
0x00007fff301b3000 	/System/Library/PrivateFrameworks/SystemAdministration.framework/Versions/A/SystemAdministration
0x00007fff2e43c000 	/System/Library/PrivateFrameworks/AppContainer.framework/Versions/A/AppContainer
0x00007fff2e451000 	/System/Library/PrivateFrameworks/SecCodeWrapper.framework/Versions/A/SecCodeWrapper
0x00007fff2af46000 	/System/Library/PrivateFrameworks/CrashReporterSupport.framework/Versions/A/CrashReporterSupport
0x00007fff478f7000 	/System/Library/PrivateFrameworks/OSAnalytics.framework/Versions/A/OSAnalytics
0x00007fff77883000 	/usr/lib/libRosetta.dylib
0x00007fff32e75000 	/System/Library/PrivateFrameworks/RemoteServiceDiscovery.framework/Versions/A/RemoteServiceDiscovery
0x00007fff51595000 	/System/Library/PrivateFrameworks/Symbolication.framework/Versions/A/Symbolication
0x00007fff3d501000 	/System/Library/PrivateFrameworks/MallocStackLogging.framework/Versions/A/MallocStackLogging
0x00007fff2b7ed000 	/System/Library/PrivateFrameworks/login.framework/Versions/A/login
0x00007fff2fc02000 	/System/Library/Frameworks/DirectoryService.framework/Versions/A/DirectoryService
0x00007fff32d8e000 	/System/Library/PrivateFrameworks/DiskImages.framework/Versions/A/DiskImages
0x00007fff32f61000 	/System/Library/PrivateFrameworks/LoginUIKit.framework/Versions/A/Frameworks/LoginUICore.framework/Versions/A/LoginUICore
0x00007fff2b988000 	/usr/lib/libodfde.dylib
0x00007fff32efa000 	/usr/lib/libcurl.4.dylib
0x00007fff32c5a000 	/usr/lib/libcrypto.44.dylib
0x00007fff32d60000 	/usr/lib/libssl.46.dylib
0x00007fff32c20000 	/System/Library/Frameworks/LDAP.framework/Versions/A/LDAP
0x00007fff32c58000 	/System/Library/PrivateFrameworks/TrustEvaluationAgent.framework/Versions/A/TrustEvaluationAgent
0x00007fff2ce99000 	/usr/lib/libsasl2.2.dylib
0x00007fff301a7000 	/System/Library/PrivateFrameworks/CoreDaemon.framework/Versions/B/CoreDaemon
0x00007fff301a2000 	/System/Library/PrivateFrameworks/AppleSRP.framework/Versions/A/AppleSRP
0x00007fff270ea000 	/System/Library/PrivateFrameworks/ViewBridge.framework/Versions/A/ViewBridge
0x00007fff6bc4a000 	/System/Library/Frameworks/OpenGL.framework/Versions/A/Resources/GLEngine.bundle/GLEngine
0x00007fff6baab000 	/System/Library/Frameworks/OpenGL.framework/Versions/A/Libraries/libGLProgrammability.dylib
0x00007fff5ee31000 	/System/Library/Extensions/AppleIntelKBLGraphicsGLDriver.bundle/Contents/MacOS/AppleIntelKBLGraphicsGLDriver
0x00007fff462c1000 	/System/Library/PrivateFrameworks/GPUSupport.framework/Versions/A/Libraries/libGPUSupportMercury.dylib
0x00007fff6bdc8000 	/System/Library/Frameworks/OpenGL.framework/Versions/A/Resources/GLRendererFloat.bundle/GLRendererFloat
0x00000001279a0000 	/Library/Java/JavaVirtualMachines/jdk1.8.0_202.jdk/Contents/Home/jre/lib/libfontmanager.dylib
0x00000001281bd000 	/Library/Java/JavaVirtualMachines/jdk1.8.0_202.jdk/Contents/Home/jre/lib/libosxui.dylib
0x00000001284cf000 	/Library/Java/JavaVirtualMachines/jdk1.8.0_202.jdk/Contents/Home/jre/lib/libnet.dylib
0x000000012823a000 	/Library/Java/JavaVirtualMachines/jdk1.8.0_202.jdk/Contents/Home/jre/lib/libnio.dylib
0x000000015a71e000 	/private/var/folders/s9/gtwg4bys29s9rs2yjjztg6cw0000gn/T/jogamp_0000/file_cache/jln1157512060820470897/jln3199027086839990059/libgluegen-rt.jnilib
0x000000015a722000 	/private/var/folders/s9/gtwg4bys29s9rs2yjjztg6cw0000gn/T/jogamp_0000/file_cache/jln1157512060820470897/jln3199027086839990059/libnativewindow_awt.jnilib
0x000000015a725000 	/Library/Java/JavaVirtualMachines/jdk1.8.0_202.jdk/Contents/Home/jre/lib/libjawt.dylib
0x000000015a728000 	/private/var/folders/s9/gtwg4bys29s9rs2yjjztg6cw0000gn/T/jogamp_0000/file_cache/jln1157512060820470897/jln3199027086839990059/libnativewindow_macosx.jnilib
0x000000015acdd000 	/private/var/folders/s9/gtwg4bys29s9rs2yjjztg6cw0000gn/T/jogamp_0000/file_cache/jln1157512060820470897/jln3199027086839990059/libjogl_desktop.jnilib
0x000000015ada5000 	/Library/Java/JavaVirtualMachines/jdk1.8.0_202.jdk/Contents/Home/jre/lib/libsunec.dylib
0x00007fff6f40a000 	/System/Library/PrivateFrameworks/AccessibilityBundles.framework/Versions/A/AccessibilityBundles

VM Arguments:
jvm_args: -Djava.security.policy=java.policy.applet -Dfile.encoding=UTF-8 
java_command: sun.applet.AppletViewer module3.EarthquakeCityMap1657056757980.html
java_class_path (initial): /Users/jryzu/eclipse-workspace/UCSDUnfoldingMaps/build:/Users/jryzu/eclipse-workspace/UCSDUnfoldingMaps/lib/core.jar:/Users/jryzu/eclipse-workspace/UCSDUnfoldingMaps/lib/gluegen-rt.jar:/Users/jryzu/eclipse-workspace/UCSDUnfoldingMaps/lib/jogl-all.jar:/Users/jryzu/eclipse-workspace/UCSDUnfoldingMaps/lib/log4j-1.2.15.jar:/Users/jryzu/eclipse-workspace/UCSDUnfoldingMaps/lib/sqlite-jdbc-3.7.2.jar:/Users/jryzu/eclipse-workspace/UCSDUnfoldingMaps/lib/json4processing.jar:/Users/jryzu/eclipse-workspace/UCSDUnfoldingMaps/lib/libTUIO.jar:/Users/jryzu/eclipse-workspace/UCSDUnfoldingMaps/lib/unfolding.0.9.7-uscd.jar
Launcher Type: SUN_STANDARD

Environment Variables:
PATH=/usr/bin:/bin:/usr/sbin:/sbin
SHELL=/bin/zsh

Signal Handlers:
SIGSEGV: [libjvm.dylib+0x5b719d], sa_mask[0]=11111111011111110111111111111111, sa_flags=SA_ONSTACK|SA_RESTART|SA_SIGINFO
SIGBUS: [libjvm.dylib+0x5b719d], sa_mask[0]=11111111011111110111111111111111, sa_flags=SA_RESTART|SA_SIGINFO
SIGFPE: [libjvm.dylib+0x48c8fc], sa_mask[0]=11111111011111110111111111111111, sa_flags=SA_RESTART|SA_SIGINFO
SIGPIPE: [libjvm.dylib+0x48c8fc], sa_mask[0]=11111111011111110111111111111111, sa_flags=SA_RESTART|SA_SIGINFO
SIGXFSZ: [libjvm.dylib+0x48c8fc], sa_mask[0]=11111111011111110111111111111111, sa_flags=SA_RESTART|SA_SIGINFO
SIGILL: [libjvm.dylib+0x48c8fc], sa_mask[0]=11111111011111110111111111111111, sa_flags=SA_RESTART|SA_SIGINFO
SIGUSR1: SIG_DFL, sa_mask[0]=00000000000000000000000000000000, sa_flags=none
SIGUSR2: [libjvm.dylib+0x48c41a], sa_mask[0]=00100000000000000000000000000000, sa_flags=SA_RESTART|SA_SIGINFO
SIGHUP: [libjvm.dylib+0x48a9a5], sa_mask[0]=11111111011111110111111111111111, sa_flags=SA_RESTART|SA_SIGINFO
SIGINT: [libjvm.dylib+0x48a9a5], sa_mask[0]=11111111011111110111111111111111, sa_flags=SA_RESTART|SA_SIGINFO
SIGTERM: [libjvm.dylib+0x48a9a5], sa_mask[0]=11111111011111110111111111111111, sa_flags=SA_RESTART|SA_SIGINFO
SIGQUIT: [libjvm.dylib+0x48a9a5], sa_mask[0]=11111111011111110111111111111111, sa_flags=SA_RESTART|SA_SIGINFO


---------------  S Y S T E M  ---------------

OS:Bsduname:Darwin 20.5.0 Darwin Kernel Version 20.5.0: Tue May  4 22:32:58 PDT 2021; root:xnu-7195.121.3~4/RELEASE_X86_64 x86_64
rlimit: STACK 8192k, CORE 0k, NPROC 1392, NOFILE 10240, AS infinity
load average:4.47 4.01 3.82

CPU:total 4 (initial active 4) (2 cores per cpu, 2 threads per core) family 6 model 142 stepping 9, cmov, cx8, fxsr, mmx, sse, sse2, sse3, ssse3, sse4.1, sse4.2, popcnt, avx, avx2, aes, clmul, erms, 3dnowpref, lzcnt, ht, tsc, tscinvbit, bmi1, bmi2, adx

Memory: 4k page, physical 8388608k(80960k free)

/proc/meminfo:


vm_info: Java HotSpot(TM) 64-Bit Server VM (25.202-b08) for bsd-amd64 JRE (1.8.0_202-b08), built on Dec 15 2018 20:16:16 by "java_re" with gcc 4.2.1 (Based on Apple Inc. build 5658) (LLVM build 2336.11.00)

time: Tue Jul  5 17:33:14 2022
timezone: EDT
elapsed time: 36 seconds (0d 0h 0m 36s)

